11.17,07:06:24,Recv:,port:1,data: FA E0 00 08 00 21 31 01 01 03 10 01 00 01 11 30 00 05 41 31 89 00 00 00 00 75 30 98 74
11.17,07:06:26,Recv:,port:1,data: FA E0 00 09 00 13 31 01 02 03 00 00 00 00 00 00 00 02 DA 8D 26
11.17,07:07:20,Recv:,port:1,data: FA E0 00 29 00 13 31 01 02 03 00 00 3A 98 00 08 07 02 DA EF 0A
11.17,07:07:25,Recv:,port:1,data: FA E0 00 2A 00 96 32 00 00 7E CC 10 20 13 11 17 07 06 26 01 00 01 11 30 00 05 41 31 89 00 00 3A 98 00 3A 98 00 6F B9 ED CC C2 00 00 00 00 00 00 00 00 01 00 10 11 30 00 00 50 10 83 13 13 00 50 10 83 00 00 3E D8 00 00 00 11 03 14 02 00 08 07 02 DA 06 01 E8 98 A1 00 00 00 00 00 00 00 00 00 00 00 21 0F D7 BB 75 AC

11.17,07:58:22,Recv:,port:1,data: FA E0 00 22 00 21 31 01 01 03 10 01 00 01 11 30 00 02 84 51 41 00 00 00 00 39 69 E2 D6
11.17,07:58:25,Recv:,port:1,data: FA E0 00 23 00 13 31 01 02 03 00 00 00 00 00 00 00 02 DA F2 B9
11.17,07:59:18,Recv:,port:1,data: FA E0 00 03 00 13 31 01 02 03 00 00 07 DF 00 01 14 02 DA 7D 84
11.17,07:59:23,Recv:,port:1,data: FA E0 00 04 00 96 32 00 00 7E CE 10 20 13 11 17 07 58 25 01 00 01 11 30 00 02 84 51 41 00 00 31 8A 00 07 DF 00 F1 9A 3F DF 62 00 00 00 00 00 00 00 00 01 00 10 11 30 00 00 50 10 83 13 13 00 50 10 83 00 00 3E D9 00 00 00 11 03 14 02 00 01 14 02 DA 06 01 E8 99 B5 00 00 00 00 00 00 00 00 00 00 00 9E 5D 26 9C 2C 10

11.17,08:05:46,Recv:,port:1,data: FA E0 00 06 00 21 31 01 01 03 10 01 00 01 11 30 00 05 74 84 11 00 00 00 06 0A 38 E9 20
11.17,08:05:51,Recv:,port:1,data: FA E0 00 07 00 13 31 01 02 03 00 00 00 00 00 00 00 02 DA E9 A2
11.17,08:07:48,Recv:,port:1,data: FA E0 00 1C 00 13 31 01 02 03 00 00 77 2B 00 10 53 02 DA DF 1D
11.17,08:07:53,Recv:,port:1,data: FA E0 00 1D 00 96 32 00 00 7E CF 10 20 13 11 17 08 05 51 01 00 01 11 30 00 05 74 84 11 00 05 93 0D 00 77 2B 00 3F 85 A0 A5 09 00 00 00 00 00 00 00 00 01 00 10 11 30 00 00 50 10 83 13 13 00 50 10 83 00 00 3E DA 00 00 00 11 03 14 02 00 10 53 02 DA 06 01 E8 AA 08 00 00 00 00 00 00 00 00 00 00 00 1A 2E 95 08 8C 4B

11.17,08:23:28,Recv:,port:1,data: FA E0 00 14 00 21 31 01 01 03 10 01 00 01 11 30 00 06 22 28 30 00 00 00 51 3C 20 EF EE
11.17,08:23:32,Recv:,port:1,data: FA E0 00 15 00 13 31 01 02 03 00 00 00 00 00 00 00 02 DA 44 2E
11.17,08:26:15,Recv:,port:1,data: FA E0 00 35 00 13 31 01 02 03 00 00 AB 94 00 17 81 02 DA 1E 64
11.17,08:26:19,Recv:,port:1,data: FA E0 00 36 00 96 32 00 00 7E D2 10 20 13 11 17 08 23 32 01 00 01 11 30 00 06 22 28 30 00 50 90 8C 00 AB 94 00 A1 B0 A6 F1 0D 00 00 00 00 00 00 00 00 01 00 10 11 30 00 00 50 10 83 13 13 00 50 10 83 00 00 3E DB 00 00 00 11 03 14 02 00 17 81 02 DA 06 01 E8 C1 89 00 00 00 00 00 00 00 00 00 00 00 A6 29 EA 83 E5 A9

11.17,08:26:20,Recv:,port:1,data: FA E0 00 37 00 13 31 01 02 03 00 00 AB 94 00 17 81 02 DA 7F E5

11.17,08:40:19,Recv:,port:1,data: FA E0 00 09 00 21 31 01 01 03 10 01 00 04 11 30 00 00 15 93 00 00 00 ED 57 B3 81 DA 76

11.17,08:40:21,Recv:,port:1,data: FA E0 00 0A 00 96 32 00 00 7E D5 06 20 13 11 17 08 40 20 01 00 04 11 30 00 00 15 93 00 ED 57 B3 81 00 00 00 00 00 00 00 00 00 00 00 00 00 00 00 00 00 00 00 00 00 00 00 00 00 00 00 00 00 00 00 00 00 00 00 00 00 00 00 00 00 03 14 02 00 00 00 00 00 06 01 E8 C1 89 00 00 00 00 00 00 00 00 00 00 00 01 42 B5 72 F4 AC

11.17,08:43:05,Recv:,port:1,data: FA E0 00 24 00 21 31 01 01 03 10 01 00 04 11 30 00 00 15 93 02 00 00 EC F6 3D AD B8 30

11.17,08:43:08,Recv:,port:1,data: FA E0 00 25 00 96 32 00 00 7E D7 05 20 13 11 17 08 43 07 01 00 04 11 30 00 00 15 93 02 EC F6 3D AD 00 00 00 00 00 00 00 00 00 00 00 00 00 00 00 00 00 00 00 00 00 00 00 00 00 00 00 00 00 00 00 00 00 00 00 00 00 00 00 00 00 03 14 02 00 00 00 00 00 07 01 E8 C1 89 00 00 00 00 00 00 00 00 00 00 00 C5 59 24 EE E1 1B

11.17,09:17:42,Recv:,port:1,data: FA E0 00 10 00 21 31 01 01 03 10 01 00 01 11 30 00 05 48 46 47 00 00 00 01 11 70 49 27
11.17,09:17:46,Recv:,port:1,data: FA E0 00 11 00 13 31 01 02 03 00 00 00 00 00 00 00 02 DA 87 2C
11.17,09:19:17,Recv:,port:1,data: FA E0 00 34 00 13 31 01 02 03 00 00 81 67 00 11 BA 02 DA CA 4B
11.17,09:19:22,Recv:,port:1,data: FA E0 00 35 00 96 32 00 00 7E DA 10 20 13 11 17 09 17 46 01 00 01 11 30 00 05 48 46 47 00 00 90 09 00 81 67 00 35 3E 06 00 BA 00 00 00 00 00 00 00 00 01 00 10 11 30 00 00 50 10 83 13 13 00 50 10 83 00 00 3E DC 00 00 00 11 03 14 02 00 11 BA 02 DA 07 01 E8 D3 43 00 00 00 00 00 00 00 00 00 00 00 A3 68 92 01 1D 24

11.17,09:38:47,Recv:,port:1,data: FA E0 00 00 00 21 31 01 01 03 10 01 00 04 11 30 00 00 15 93 02 00 00 EC F3 4F AD A7 EF
11.17,09:38:52,Recv:,port:1,data: FA E0 00 02 00 13 31 01 02 03 00 00 00 00 00 00 00 02 DA BA 61
11.17,09:39:28,Recv:,port:1,data: FA E0 00 04 00 13 31 01 02 03 00 00 27 10 00 05 5A 02 DA 55 97
11.17,09:39:33,Recv:,port:1,data: FA E0 00 05 00 96 32 00 00 7E DC 10 20 13 11 17 09 38 51 01 00 04 11 30 00 00 15 93 02 EC F3 28 9D 00 27 10 07 10 2D 31 2E 78 00 00 00 00 00 00 00 00 01 00 10 11 30 00 00 50 10 83 13 13 00 50 10 83 00 00 3E DD 00 00 00 11 03 14 02 00 05 5A 02 DA 07 01 E8 D8 9D 00 00 00 00 00 00 00 00 00 00 00 3D 22 FE 7D D6 17

11.17,10:10:37,Recv:,port:1,data: FA E0 00 02 00 21 31 01 01 03 10 01 00 01 11 30 00 05 89 65 01 00 00 00 05 CC DA 04 F3
11.17,10:10:40,Recv:,port:1,data: FA E0 00 03 00 13 31 01 02 03 00 00 00 00 00 00 00 02 DA 2A A0
11.17,10:11:55,Recv:,port:1,data: FA E0 00 09 00 13 31 01 02 03 00 00 61 A8 00 0D 61 02 DA D1 1C
11.17,10:12:00,Recv:,port:1,data: FA E0 00 0A 00 96 32 00 00 7E E1 10 20 13 11 17 10 10 38 01 00 01 11 30 00 05 89 65 01 00 05 6B 32 00 61 A8 00 6D FD F8 D6 69 00 00 00 00 00 00 00 00 01 00 10 11 30 00 00 50 10 83 13 13 00 50 10 83 00 00 3E DE 00 00 00 11 03 14 02 00 0D 61 02 DA 07 01 E8 E5 FE 00 00 00 00 00 00 00 00 00 00 00 BB 12 4F 6F F2 2D

11.17,10:12:51,Recv:,port:1,data: FA E0 00 33 00 21 31 01 01 03 10 01 00 01 11 30 00 06 31 93 16 00 00 00 00 4A 2E 02 02
11.17,10:12:53,Recv:,port:1,data: FA E0 00 34 00 21 31 01 02 03 00 00 00 00 00 00 00 02 DA 01 02
11.17,10:14:05,Recv:,port:1,data: FA E0 00 3C 00 13 31 01 02 03 00 00 46 50 00 09 A2 02 DA 20 78
11.17,10:14:09,Recv:,port:1,data: FA E0 00 3D 00 96 32 00 00 7E E3 10 20 13 11 17 10 12 52 01 00 01 11 30 00 06 31 93 16 00 00 03 DE 00 46 50 00 11 29 AA A7 A6 00 00 00 00 00 00 00 00 01 00 10 11 30 00 00 50 10 83 13 13 00 50 10 83 00 00 3E DF 00 00 00 11 03 14 02 00 09 A2 02 DA 07 01 E8 EF A0 00 00 00 00 00 00 00 00 00 00 00 7F 99 8E 6D C7 9A

11.17,10:14:36,Recv:,port:1,data: FA E0 00 18 00 21 31 01 01 03 10 01 00 01 11 30 00 06 31 93 16 00 00 00 00 03 DE 44 6E
11.17,10:14:40,Recv:,port:1,data: FA E0 00 1A 00 13 31 01 02 03 00 00 00 00 00 00 00 02 DA B0 6B
11.17,10:15:11,Recv:,port:1,data: FA E0 00 0F 00 13 31 01 02 03 00 00 03 84 00 00 7B 02 DA 72 F8
11.17,10:15:15,Recv:,port:1,data: FA E0 00 10 00 96 32 00 00 7E E4 10 20 13 11 17 10 14 39 01 00 01 11 30 00 06 31 93 16 00 00 00 5A 00 03 84 00 12 73 E9 6F D1 00 00 00 00 00 00 00 00 01 00 10 11 30 00 00 50 10 83 13 13 00 50 10 83 00 00 3E E0 00 00 00 11 03 14 02 00 00 7B 02 DA 07 01 E8 F0 1B 00 00 00 00 00 00 00 00 00 00 00 58 0B 2A 36 47 C8

11.17,10:32:06,Recv:,port:1,data: FA E0 00 00 00 96 32 00 00 7E E6 08 20 13 11 17 10 32 03 00 00 00 00 00 00 00 00 00 00 00 00 00 00 00 00 00 00 00 00 00 00 00 00 00 00 00 00 00 00 00 00 00 00 00 00 00 00 00 00 00 00 00 00 00 00 00 00 00 00 00 00 00 00 00 03 00 00 00 00 00 00 00 00 00 00 00 00 00 00 00 00 00 00 00 00 00 00 00 21 97 A6 FE 9A 9A

11.17,11:19:48,Recv:,port:1,data: FA E0 00 15 00 21 31 01 01 03 10 01 00 01 11 30 00 06 89 36 39 00 00 00 00 BD D3 09 50
11.17,11:19:54,Recv:,port:1,data: FA E0 00 18 00 13 31 01 02 03 00 00 00 00 00 00 00 02 DA D1 EA
11.17,11:20:50,Recv:,port:1,data: FA E0 00 3B 00 13 31 01 02 03 00 00 4F 88 00 0A E5 02 DA 9B 01
11.17,11:20:55,Recv:,port:1,data: FA E0 00 3C 00 96 32 00 00 7E EC 10 20 13 11 17 11 19 54 01 00 01 11 30 00 06 89 36 39 00 00 6E 4B 00 4F 88 00 04 D1 A5 1E DD 00 00 00 00 00 00 00 00 01 00 10 11 30 00 00 50 10 83 13 13 00 50 10 83 00 00 3E E1 00 00 00 11 03 14 02 00 0A E5 02 DA 07 01 E8 FB 00 00 00 00 00 00 00 00 00 00 00 00 FF 7E F0 29 48 B5

11.17,11:25:46,Recv:,port:1,data: FA E0 00 2E 00 21 31 01 01 03 10 01 00 04 11 30 00 00 15 07 86 00 00 EC DF 6E E2 63 0E
11.17,11:25:51,Recv:,port:1,data: FA E0 00 31 00 13 31 01 02 03 00 00 00 00 00 00 00 02 DA 5F 35
11.17,11:26:10,Recv:,port:1,data: FA E0 00 14 00 13 31 01 02 03 00 00 03 E8 00 00 89 02 DA 16 1A
11.17,11:26:15,Recv:,port:1,data: FA E0 00 15 00 96 32 00 00 7E ED 10 20 13 11 17 11 25 51 01 00 04 11 30 00 00 15 07 86 EC DF 6A FA 00 03 E8 07 13 C2 83 B3 C6 00 00 00 00 00 00 00 00 01 00 10 11 30 00 00 50 10 83 13 13 00 50 10 83 00 00 3E E2 00 00 00 11 03 14 02 00 00 89 02 DA 07 01 E8 FB 89 00 00 00 00 00 00 00 00 00 00 00 DC C8 DD A5 4D 6E

11.17,11:26:29,Recv:,port:1,data: FA E0 00 27 00 21 31 01 01 03 10 01 00 04 11 30 00 00 15 07 86 00 00 EC DF 6A FA D6 B6
11.17,11:26:33,Recv:,port:1,data: FA E0 00 28 00 13 31 01 02 03 00 00 00 00 00 00 00 02 DA C5 FE
11.17,11:26:58,Recv:,port:1,data: FA E0 00 14 00 13 31 01 02 03 00 00 0B B8 00 01 9B 02 DA 7F 3E
11.17,11:27:02,Recv:,port:1,data: FA E0 00 15 00 96 32 00 00 7E EE 10 20 13 11 17 11 26 33 01 00 04 11 30 00 00 15 07 86 EC DF 5F 42 00 0B B8 07 14 AC 3A 27 C9 00 00 00 00 00 00 00 00 01 00 10 11 30 00 00 50 10 83 13 13 00 50 10 83 00 00 3E E3 00 00 00 11 03 14 02 00 01 9B 02 DA 07 01 E8 FD 24 00 00 00 00 00 00 00 00 00 00 00 DC 55 75 C4 0A 70

11.17,11:38:29,Recv:,port:1,data: FA E0 00 01 00 21 31 01 01 03 10 01 00 01 11 30 00 05 41 40 44 00 00 00 00 EA 60 0F 7D
11.17,11:38:33,Recv:,port:1,data: FA E0 00 02 00 13 31 01 02 03 00 00 00 00 00 00 00 02 DA BA 61
11.17,11:39:21,Recv:,port:1,data: FA E0 00 1A 00 13 31 01 02 03 00 00 13 88 00 02 AD 02 DA A0 C7
11.17,11:39:26,Recv:,port:1,data: FA E0 00 1B 00 96 32 00 00 7E EF 10 20 13 11 17 11 38 32 01 00 01 11 30 00 05 41 40 44 00 00 D6 D8 00 13 88 00 12 EE 45 5A C7 00 00 00 00 00 00 00 00 01 00 10 11 30 00 00 50 10 83 13 13 00 50 10 83 00 00 3E E4 00 00 00 11 03 14 02 00 02 AD 02 DA 07 01 E8 FF D1 00 00 00 00 00 00 00 00 00 00 00 6D D6 24 C2 10 79

11.17,11:39:53,Recv:,port:1,data: FA E0 00 2C 00 21 31 01 01 03 10 01 00 01 11 30 00 02 94 75 04 00 00 00 00 D6 19 8C 6D
11.17,11:39:57,Recv:,port:1,data: FA E0 00 2D 00 13 31 01 02 03 00 00 00 00 00 00 00 02 DA 96 3D
11.17,11:41:19,Recv:,port:1,data: FA E0 00 00 00 13 31 01 02 03 00 00 4B 65 00 0A 54 02 DA 22 50
11.17,11:41:24,Recv:,port:1,data: FA E0 00 01 00 96 32 00 00 7E F0 10 20 13 11 17 11 39 56 01 00 01 11 30 00 02 94 75 04 00 00 8A B4 00 4B 65 01 9A F0 43 3E 8E 00 00 00 00 00 00 00 00 01 00 10 11 30 00 00 50 10 83 13 13 00 50 10 83 00 00 3E E5 00 00 00 11 03 14 02 00 0A 54 02 DA 07 01 E9 0A 25 00 00 00 00 00 00 00 00 00 00 00 A6 E8 A3 D4 BC 68

11.17,11:57:52,Recv:,port:1,data: FA E0 00 3C 00 21 31 01 01 03 10 01 00 01 11 30 00 06 48 32 02 00 00 00 00 D1 3F 02 02
11.17,11:57:53,Recv:,port:1,data: FA E0 00 3D 00 21 31 01 02 03 00 00 00 00 00 00 00 02 DA 01 02
11.17,12:00:01,Recv:,port:1,data: FA E0 00 1A 00 13 31 01 02 03 00 00 5F AC 00 0D 1B 02 DA 72 AE
11.17,12:00:05,Recv:,port:1,data: FA E0 00 1B 00 96 32 00 00 7E F3 10 20 13 11 17 11 57 52 01 00 01 11 30 00 06 48 32 02 00 00 71 93 00 5F AC 00 1B 7D 42 E6 94 00 00 00 00 00 00 00 00 01 00 10 11 30 00 00 50 10 83 13 13 00 50 10 83 00 00 3E E6 00 00 00 11 03 14 02 00 0D 1B 02 DA 07 01 E9 17 40 00 00 00 00 00 00 00 00 00 00 00 B6 91 F6 43 33 93

11.17,12:00:06,Recv:,port:1,data: FA E0 00 1C 00 13 31 01 02 03 00 00 5F AC 00 0D 1B 02 DA D0 2D

11.17,12:40:50,Recv:,port:1,data: FA E0 00 2E 00 21 31 01 01 03 10 01 00 04 11 30 00 00 15 92 97 00 00 EB B9 E5 C0 B3 C1
11.17,12:40:53,Recv:,port:1,data: FA E0 00 2F 00 13 31 01 02 03 00 00 00 00 00 00 00 02 DA F7 BC
11.17,12:41:27,Recv:,port:1,data: FA E0 00 2C 00 13 31 01 02 03 00 00 13 88 00 02 AD 02 DA 16 50
11.17,12:41:31,Recv:,port:1,data: FA E0 00 2D 00 96 32 00 00 7E FA 10 20 13 11 17 12 40 52 01 00 04 11 30 00 00 15 92 97 EB B9 D2 38 00 13 88 0E B0 A6 11 A6 1B 00 00 00 00 00 00 00 00 01 00 10 11 30 00 00 50 10 83 13 13 00 50 10 83 00 00 3E E7 00 00 00 11 03 14 02 00 02 AD 02 DA 07 01 E9 19 ED 00 00 00 00 00 00 00 00 00 00 00 EC E3 E7 DE 9C 86

11.17,13:01:41,Recv:,port:1,data: FA E0 00 13 00 21 31 01 01 03 10 01 00 04 11 30 00 00 15 92 97 00 00 EB B9 4A AC 3A 20
11.17,13:01:45,Recv:,port:1,data: FA E0 00 14 00 13 31 01 02 03 00 00 00 00 00 00 00 02 DA D4 EF
11.17,13:03:40,Recv:,port:1,data: FA E0 00 22 00 13 31 01 02 03 00 00 4E 20 00 0A B4 02 DA F8 92
11.17,13:03:45,Recv:,port:1,data: FA E0 00 23 00 96 32 00 00 7E FB 10 20 13 11 17 13 01 44 01 00 04 11 30 00 00 15 92 97 EB B8 FC 8C 00 4E 20 0E B4 1E 6F 3D 8B 00 00 00 00 00 00 00 00 01 00 10 11 30 00 00 50 10 83 13 13 00 50 10 83 00 00 3E E8 00 00 00 11 03 14 02 00 0A B4 02 DA 07 01 E9 24 A1 00 00 00 00 00 00 00 00 00 00 00 D0 75 11 C3 DD 33

11.17,13:24:39,Recv:,port:1,data: FA E0 00 04 00 21 31 01 01 03 10 01 00 01 11 30 00 06 66 89 02 00 00 00 02 E6 81 C7 92
11.17,13:24:44,Recv:,port:1,data: FA E0 00 07 00 13 31 01 02 03 00 00 00 00 00 00 00 02 DA E9 A2
11.17,13:25:44,Recv:,port:1,data: FA E0 00 32 00 13 31 01 02 03 00 00 4B E1 00 0A 65 02 DA DC 8A
11.17,13:25:48,Recv:,port:1,data: FA E0 00 33 00 96 32 00 00 7E FD 10 20 13 11 17 13 24 44 01 00 01 11 30 00 06 66 89 02 00 02 9A A0 00 4B E1 00 02 E0 E5 49 30 00 00 00 00 00 00 00 00 01 00 10 11 30 00 00 50 10 83 13 13 00 50 10 83 00 00 3E E9 00 00 00 11 03 14 02 00 0A 65 02 DA 07 01 E9 2F 06 00 00 00 00 00 00 00 00 00 00 00 CB 8C 36 00 D6 C0

11.17,13:25:48,Recv:,port:1,data: FA E0 00 34 00 13 31 01 02 03 00 00 4B E1 00 0A 65 02 DA 7E 09

11.17,13:37:27,Recv:,port:1,data: FA E0 00 30 00 21 31 01 01 03 10 01 00 01 11 30 00 06 48 62 43 00 00 00 04 97 80 23 7A
11.17,13:37:30,Recv:,port:1,data: FA E0 00 31 00 13 31 01 02 03 00 00 00 00 00 00 00 02 DA 5F 35
11.17,13:39:43,Recv:,port:1,data: FA E0 00 11 00 13 31 01 02 03 00 00 98 58 00 14 DE 02 DA 9C 5D
11.17,13:39:47,Recv:,port:1,data: FA E0 00 12 00 96 32 00 00 7E FF 10 20 13 11 17 13 37 30 01 00 01 11 30 00 06 48 62 43 00 03 FF 28 00 98 58 00 0D 05 01 FF 33 00 00 00 00 00 00 00 00 01 00 10 11 30 00 00 50 10 83 13 13 00 50 10 83 00 00 3E EA 00 00 00 11 03 14 02 00 14 DE 02 DA 07 01 E9 43 E4 00 00 00 00 00 00 00 00 00 00 00 FF 9D F1 B3 D5 E2

11.17,14:57:57,Recv:,port:1,data: FA E0 00 2C 00 96 32 00 00 7E FD 10 20 13 11 17 13 24 44 01 00 01 11 30 00 06 66 89 02 00 02 9A A0 00 4B E1 00 02 E0 E5 49 30 00 00 00 00 00 00 00 00 01 00 10 11 30 00 00 50 10 83 13 13 00 50 10 83 00 00 3E E9 00 00 00 11 03 14 02 00 0A 65 02 DA 07 01 E9 2F 06 00 00 00 00 00 00 00 00 00 00 00 CB 8C 36 00 65 5C

11.17,14:57:58,Recv:,port:1,data: FA E0 00 2E 00 96 32 00 00 7E FF 10 20 13 11 17 13 37 30 01 00 01 11 30 00 06 48 62 43 00 03 FF 28 00 98 58 00 0D 05 01 FF 33 00 00 00 00 00 00 00 00 01 00 10 11 30 00 00 50 10 83 13 13 00 50 10 83 00 00 3E EA 00 00 00 11 03 14 02 00 14 DE 02 DA 07 01 E9 43 E4 00 00 00 00 00 00 00 00 00 00 00 FF 9D F1 B3 A9 4F

11.17,14:57:59,Recv:,port:1,data: FA E0 00 30 00 96 32 00 00 7E FF 10 20 13 11 17 13 37 30 01 00 01 11 30 00 06 48 62 43 00 03 FF 28 00 98 58 00 0D 05 01 FF 33 00 00 00 00 00 00 00 00 01 00 10 11 30 00 00 50 10 83 13 13 00 50 10 83 00 00 3E EA 00 00 00 11 03 14 02 00 14 DE 02 DA 07 01 E9 43 E4 00 00 00 00 00 00 00 00 00 00 00 FF 9D F1 B3 37 18

11.17,15:00:06,Recv:,port:1,data: FA E0 00 33 00 96 32 00 00 7F 06 08 20 13 11 17 15 00 02 00 00 00 00 00 00 00 00 00 00 00 00 00 00 00 00 00 00 00 00 00 00 00 00 00 00 00 00 00 00 00 00 00 00 00 00 00 00 00 00 00 00 00 00 00 00 00 00 00 00 00 00 00 00 00 03 00 00 00 00 00 00 00 00 00 00 00 00 00 00 00 00 00 00 00 00 00 00 00 2F A9 20 A8 E4 1A

11.17,15:32:20,Recv:,port:1,data: FA E0 00 08 00 96 32 00 00 7F 08 08 20 13 11 17 15 32 17 00 00 00 00 00 00 00 00 00 00 00 00 00 00 00 00 00 00 00 00 00 00 00 00 00 00 00 00 00 00 00 00 00 00 00 00 00 00 00 00 00 00 00 00 00 00 00 00 00 00 00 00 00 00 00 03 00 00 00 00 00 00 00 00 00 00 00 00 00 00 00 00 00 00 00 00 00 00 00 C1 E0 57 DA A7 13

11.17,15:53:07,Recv:,port:1,data: FA E0 00 09 00 96 32 00 00 7F 0B 08 20 13 11 17 15 53 03 00 00 00 00 00 00 00 00 00 00 00 00 00 00 00 00 00 00 00 00 00 00 00 00 00 00 00 00 00 00 00 00 00 00 00 00 00 00 00 00 00 00 00 00 00 00 00 00 00 00 00 00 00 00 00 03 00 00 00 00 00 00 00 00 00 00 00 00 00 00 00 00 00 00 00 00 00 00 00 7A 2E E7 D8 8D DA

11.17,16:32:14,Recv:,port:1,data: FA E0 00 1D 00 21 31 01 01 03 10 01 00 01 11 30 00 03 95 10 38 00 00 00 00 EA FB EF 93
11.17,16:32:18,Recv:,port:1,data: FA E0 00 1F 00 13 31 01 02 03 00 00 00 00 00 00 00 02 DA E3 A8
11.17,16:33:26,Recv:,port:1,data: FA E0 00 19 00 13 31 01 02 03 00 00 53 8D 00 0B 72 02 DA A6 F4
11.17,16:33:30,Recv:,port:1,data: FA E0 00 1A 00 96 32 00 00 7F 0F 10 20 13 11 17 16 32 17 01 00 01 11 30 00 03 95 10 38 00 00 97 6E 00 53 8D 01 3F 8D C1 D6 43 00 00 00 00 00 00 00 00 01 00 10 11 30 00 00 50 10 83 13 13 00 50 10 83 00 00 3E EB 00 00 00 11 03 14 02 00 0B 72 02 DA 07 01 E9 4F 56 00 00 00 00 00 00 00 00 00 00 00 9C 72 98 F2 C2 13

11.17,16:33:31,Recv:,port:1,data: FA E0 00 1B 00 13 31 01 02 03 00 00 53 8D 00 0B 72 02 DA C7 75

11.17,16:45:16,Recv:,port:1,data: FA E0 00 24 00 21 31 01 01 03 10 01 00 04 11 30 00 00 15 93 02 00 00 EC E9 D9 CD 56 4A
11.17,16:45:20,Recv:,port:1,data: FA E0 00 25 00 13 31 01 02 03 00 00 00 00 00 00 00 02 DA 50 3A
11.17,16:46:07,Recv:,port:1,data: FA E0 00 38 00 13 31 01 02 03 00 00 27 10 00 05 5A 02 DA 44 86
11.17,16:46:11,Recv:,port:1,data: FA E0 00 39 00 96 32 00 00 7F 11 10 20 13 11 17 16 45 19 01 00 04 11 30 00 00 15 93 02 EC E9 B2 BD 00 27 10 07 37 2C BF F1 D5 00 00 00 00 00 00 00 00 01 00 10 11 30 00 00 50 10 83 13 13 00 50 10 83 00 00 3E EC 00 00 00 11 03 14 02 00 05 5A 02 DA 07 01 E9 54 B0 00 00 00 00 00 00 00 00 00 00 00 EB F0 89 34 8E C9

11.17,17:23:59,Recv:,port:1,data: FA E0 00 23 00 21 31 01 01 03 10 01 00 04 11 30 00 00 15 92 97 00 00 EB B2 55 6D A6 CC
11.17,17:24:02,Recv:,port:1,data: FA E0 00 24 00 13 31 01 02 03 00 00 00 00 00 00 00 02 DA C0 FB
11.17,17:25:03,Recv:,port:1,data: FA E0 00 10 00 13 31 01 02 03 00 00 4E 20 00 0A B4 02 DA 8D 07
11.17,17:25:07,Recv:,port:1,data: FA E0 00 11 00 96 32 00 00 7F 12 10 20 13 11 17 17 24 01 01 00 04 11 30 00 00 15 92 97 EB B2 07 4D 00 4E 20 0E E8 61 8E 34 D0 00 00 00 00 00 00 00 00 01 00 10 11 30 00 00 50 10 83 13 13 00 50 10 83 00 00 3E ED 00 00 00 11 03 14 02 00 0A B4 02 DA 07 01 E9 5F 64 00 00 00 00 00 00 00 00 00 00 00 17 83 EC E4 39 7D

11.17,17:25:40,Recv:,port:1,data: FA E0 00 3B 00 21 31 01 01 03 10 01 00 04 11 30 00 00 15 92 97 00 00 EB B2 07 4D 61 DA
11.17,17:25:45,Recv:,port:1,data: FA E0 00 3E 00 13 31 01 02 03 00 00 00 00 00 00 00 02 DA AB 70
11.17,17:27:07,Recv:,port:1,data: FA E0 00 0E 00 13 31 01 02 03 00 00 5D C0 00 0C D8 02 DA 11 7A
11.17,17:27:11,Recv:,port:1,data: FA E0 00 0F 00 96 32 00 00 7F 13 10 20 13 11 17 17 25 44 01 00 04 11 30 00 00 15 92 97 EB B1 A9 8D 00 5D C0 0E E9 44 45 C9 FF 00 00 00 00 00 00 00 00 01 00 10 11 30 00 00 50 10 83 13 13 00 50 10 83 00 00 3E EE 00 00 00 11 03 14 02 00 0C D8 02 DA 07 01 E9 6C 3C 00 00 00 00 00 00 00 00 00 00 00 BE 02 E3 A2 D4 E3

11.17,17:27:11,Recv:,port:1,data: FA E0 00 10 00 13 31 01 02 03 00 00 5D C0 00 0C D8 02 DA B9 F3

11.17,17:55:41,Recv:,port:1,data: FA E0 00 35 00 21 31 01 01 03 10 01 00 04 11 30 00 00 15 93 06 00 00 EE 28 28 DA 02 02
11.17,17:55:45,Recv:,port:1,data: FA E0 00 36 00 21 31 01 02 03 00 00 00 00 00 00 00 02 DA 01 02
11.17,17:56:14,Recv:,port:1,data: FA E0 00 18 00 21 31 01 02 03 00 00 13 88 00 02 AD 02 DA 01 02
11.17,17:56:18,Recv:,port:1,data: FA E0 00 19 00 96 32 00 00 7F 15 10 20 13 11 17 17 55 44 01 00 04 11 30 00 00 15 93 06 EE 28 15 52 00 13 88 01 54 3C C3 95 03 00 00 00 00 00 00 00 00 01 00 10 11 30 00 00 50 10 83 13 13 00 50 10 83 00 00 3E EF 00 00 00 11 03 14 02 00 02 AD 02 DA 07 01 E9 6E E9 00 00 00 00 00 00 00 00 00 00 00 A7 D5 41 55 DD 7B

11.17,23:09:41,Recv:,port:1,data: FA E0 00 1A 00 21 31 01 01 03 10 01 00 01 11 30 00 05 74 87 01 00 00 00 00 4E 20 9C FA
11.17,23:09:45,Recv:,port:1,data: FA E0 00 1B 00 13 31 01 02 03 00 00 00 00 00 00 00 02 DA 20 AA
11.17,23:10:25,Recv:,port:1,data: FA E0 00 21 00 13 31 01 02 03 00 00 27 10 00 05 5A 02 DA DE 4D
11.17,23:10:29,Recv:,port:1,data: FA E0 00 22 00 96 32 00 00 7F 1E 10 20 13 11 17 23 09 44 01 00 01 11 30 00 05 74 87 01 00 00 27 10 00 27 10 00 13 77 F0 2F E7 00 00 00 00 00 00 00 00 01 00 10 11 30 00 00 50 10 83 13 13 00 50 10 83 00 00 3E F0 00 00 00 11 03 14 02 00 05 5A 02 DA 07 01 E9 74 43 00 00 00 00 00 00 00 00 00 00 00 89 F0 AA 91 D9 C8

11.17,23:10:29,Recv:,port:1,data: FA E0 00 23 00 13 31 01 02 03 00 00 27 10 00 05 5A 02 DA BF CC
